Sat Nov 25 2017 23:31:54 GMT+0100 (Mitteleuropäische Zeit): GET /js/popper.js.map
Sat Nov 25 2017 23:31:54 GMT+0100 (Mitteleuropäische Zeit): GET /css/bootstrap.min.css.map
Sat Nov 25 2017 23:31:58 GMT+0100 (Mitteleuropäische Zeit): GET /css/bootstrap.min.css
Sat Nov 25 2017 23:31:58 GMT+0100 (Mitteleuropäische Zeit): GET /css/snookerclub.css
Sat Nov 25 2017 23:31:58 GMT+0100 (Mitteleuropäische Zeit): GET /js/jquery-3.2.1.min.js
Sat Nov 25 2017 23:31:58 GMT+0100 (Mitteleuropäische Zeit): GET /js/popper.js
Sat Nov 25 2017 23:31:58 GMT+0100 (Mitteleuropäische Zeit): GET /js/bootstrap.min.js
Sat Nov 25 2017 23:31:58 GMT+0100 (Mitteleuropäische Zeit): GET /js/moment-with-locales.min.js
Sat Nov 25 2017 23:31:58 GMT+0100 (Mitteleuropäische Zeit): GET /js/members.js
Sat Nov 25 2017 23:31:58 GMT+0100 (Mitteleuropäische Zeit): GET /img/placeholder.png
Sat Nov 25 2017 23:31:58 GMT+0100 (Mitteleuropäische Zeit): GET /js/popper.js.map
Sat Nov 25 2017 23:31:59 GMT+0100 (Mitteleuropäische Zeit): GET /css/bootstrap.min.css.map
Sat Nov 25 2017 23:32:00 GMT+0100 (Mitteleuropäische Zeit): GET /css/bootstrap.min.css
Sat Nov 25 2017 23:32:00 GMT+0100 (Mitteleuropäische Zeit): GET /css/snookerclub.css
Sat Nov 25 2017 23:32:00 GMT+0100 (Mitteleuropäische Zeit): GET /js/jquery-3.2.1.min.js
Sat Nov 25 2017 23:32:00 GMT+0100 (Mitteleuropäische Zeit): GET /js/popper.js
Sat Nov 25 2017 23:32:00 GMT+0100 (Mitteleuropäische Zeit): GET /js/bootstrap.min.js
Sat Nov 25 2017 23:32:00 GMT+0100 (Mitteleuropäische Zeit): GET /js/moment-with-locales.min.js
Sat Nov 25 2017 23:32:00 GMT+0100 (Mitteleuropäische Zeit): GET /js/bill.js
Sat Nov 25 2017 23:32:00 GMT+0100 (Mitteleuropäische Zeit): GET /img/placeholder.png
Sat Nov 25 2017 23:32:01 GMT+0100 (Mitteleuropäische Zeit): GET /js/popper.js.map
Sat Nov 25 2017 23:32:01 GMT+0100 (Mitteleuropäische Zeit): GET /css/bootstrap.min.css.map
Sat Nov 25 2017 23:32:14 GMT+0100 (Mitteleuropäische Zeit): GET /css/bootstrap.min.css
Sat Nov 25 2017 23:32:14 GMT+0100 (Mitteleuropäische Zeit): GET /css/snookerclub.css
Sat Nov 25 2017 23:32:14 GMT+0100 (Mitteleuropäische Zeit): GET /js/jquery-3.2.1.min.js
Sat Nov 25 2017 23:32:14 GMT+0100 (Mitteleuropäische Zeit): GET /js/popper.js
Sat Nov 25 2017 23:32:14 GMT+0100 (Mitteleuropäische Zeit): GET /js/bootstrap.min.js
Sat Nov 25 2017 23:32:14 GMT+0100 (Mitteleuropäische Zeit): GET /js/moment-with-locales.min.js
Sat Nov 25 2017 23:32:14 GMT+0100 (Mitteleuropäische Zeit): GET /img/placeholder.png
Sat Nov 25 2017 23:32:14 GMT+0100 (Mitteleuropäische Zeit): GET /js/popper.js.map
Sat Nov 25 2017 23:32:14 GMT+0100 (Mitteleuropäische Zeit): GET /css/bootstrap.min.css.map
Sat Nov 25 2017 23:32:16 GMT+0100 (Mitteleuropäische Zeit): GET /css/bootstrap.min.css
Sat Nov 25 2017 23:32:16 GMT+0100 (Mitteleuropäische Zeit): GET /css/snookerclub.css
Sat Nov 25 2017 23:32:16 GMT+0100 (Mitteleuropäische Zeit): GET /js/jquery-3.2.1.min.js
Sat Nov 25 2017 23:32:16 GMT+0100 (Mitteleuropäische Zeit): GET /js/popper.js
Sat Nov 25 2017 23:32:16 GMT+0100 (Mitteleuropäische Zeit): GET /js/bootstrap.min.js
Sat Nov 25 2017 23:32:17 GMT+0100 (Mitteleuropäische Zeit): GET /js/moment-with-locales.min.js
Sat Nov 25 2017 23:32:17 GMT+0100 (Mitteleuropäische Zeit): GET /js/visitors.js
Sat Nov 25 2017 23:32:17 GMT+0100 (Mitteleuropäische Zeit): GET /img/placeholder.png
Sat Nov 25 2017 23:32:17 GMT+0100 (Mitteleuropäische Zeit): GET /js/popper.js.map
Sat Nov 25 2017 23:32:17 GMT+0100 (Mitteleuropäische Zeit): GET /css/bootstrap.min.css.map
Sat Nov 25 2017 23:32:18 GMT+0100 (Mitteleuropäische Zeit): GET /css/snookerclub.css
Sat Nov 25 2017 23:32:18 GMT+0100 (Mitteleuropäische Zeit): GET /css/bootstrap.min.css
Sat Nov 25 2017 23:32:18 GMT+0100 (Mitteleuropäische Zeit): GET /js/jquery-3.2.1.min.js
Sat Nov 25 2017 23:32:18 GMT+0100 (Mitteleuropäische Zeit): GET /js/popper.js
Sat Nov 25 2017 23:32:18 GMT+0100 (Mitteleuropäische Zeit): GET /js/bootstrap.min.js
Sat Nov 25 2017 23:32:18 GMT+0100 (Mitteleuropäische Zeit): GET /js/moment-with-locales.min.js
Sat Nov 25 2017 23:32:18 GMT+0100 (Mitteleuropäische Zeit): GET /js/members.js
Sat Nov 25 2017 23:32:18 GMT+0100 (Mitteleuropäische Zeit): GET /img/placeholder.png
Sat Nov 25 2017 23:32:18 GMT+0100 (Mitteleuropäische Zeit): GET /js/popper.js.map
Sat Nov 25 2017 23:32:18 GMT+0100 (Mitteleuropäische Zeit): GET /css/bootstrap.min.css.map
Sat Nov 25 2017 23:32:19 GMT+0100 (Mitteleuropäische Zeit): GET /css/bootstrap.min.css
Sat Nov 25 2017 23:32:19 GMT+0100 (Mitteleuropäische Zeit): GET /css/snookerclub.css
Sat Nov 25 2017 23:32:19 GMT+0100 (Mitteleuropäische Zeit): GET /js/jquery-3.2.1.min.js
Sat Nov 25 2017 23:32:19 GMT+0100 (Mitteleuropäische Zeit): GET /js/popper.js
Sat Nov 25 2017 23:32:19 GMT+0100 (Mitteleuropäische Zeit): GET /js/bootstrap.min.js
Sat Nov 25 2017 23:32:19 GMT+0100 (Mitteleuropäische Zeit): GET /js/moment-with-locales.min.js
Sat Nov 25 2017 23:32:19 GMT+0100 (Mitteleuropäische Zeit): GET /js/visitors.js
Sat Nov 25 2017 23:32:19 GMT+0100 (Mitteleuropäische Zeit): GET /img/placeholder.png
Sat Nov 25 2017 23:32:19 GMT+0100 (Mitteleuropäische Zeit): GET /js/popper.js.map
Sat Nov 25 2017 23:32:19 GMT+0100 (Mitteleuropäische Zeit): GET /css/bootstrap.min.css.map
Sat Nov 25 2017 23:32:20 GMT+0100 (Mitteleuropäische Zeit): GET /css/bootstrap.min.css
Sat Nov 25 2017 23:32:20 GMT+0100 (Mitteleuropäische Zeit): GET /css/snookerclub.css
Sat Nov 25 2017 23:32:20 GMT+0100 (Mitteleuropäische Zeit): GET /js/jquery-3.2.1.min.js
Sat Nov 25 2017 23:32:20 GMT+0100 (Mitteleuropäische Zeit): GET /js/popper.js
Sat Nov 25 2017 23:32:20 GMT+0100 (Mitteleuropäische Zeit): GET /js/bootstrap.min.js
Sat Nov 25 2017 23:32:20 GMT+0100 (Mitteleuropäische Zeit): GET /js/moment-with-locales.min.js
Sat Nov 25 2017 23:32:20 GMT+0100 (Mitteleuropäische Zeit): GET /img/placeholder.png
Sat Nov 25 2017 23:32:20 GMT+0100 (Mitteleuropäische Zeit): GET /js/popper.js.map
Sat Nov 25 2017 23:32:20 GMT+0100 (Mitteleuropäische Zeit): GET /css/bootstrap.min.css.map
Sat Nov 25 2017 23:32:21 GMT+0100 (Mitteleuropäische Zeit): GET /css/bootstrap.min.css
Sat Nov 25 2017 23:32:21 GMT+0100 (Mitteleuropäische Zeit): GET /css/snookerclub.css
Sat Nov 25 2017 23:32:21 GMT+0100 (Mitteleuropäische Zeit): GET /js/jquery-3.2.1.min.js
Sat Nov 25 2017 23:32:21 GMT+0100 (Mitteleuropäische Zeit): GET /js/popper.js
Sat Nov 25 2017 23:32:21 GMT+0100 (Mitteleuropäische Zeit): GET /js/bootstrap.min.js
Sat Nov 25 2017 23:32:21 GMT+0100 (Mitteleuropäische Zeit): GET /js/moment-with-locales.min.js
Sat Nov 25 2017 23:32:21 GMT+0100 (Mitteleuropäische Zeit): GET /js/bill.js
Sat Nov 25 2017 23:32:21 GMT+0100 (Mitteleuropäische Zeit): GET /img/placeholder.png
Sat Nov 25 2017 23:32:21 GMT+0100 (Mitteleuropäische Zeit): GET /js/popper.js.map
Sat Nov 25 2017 23:32:21 GMT+0100 (Mitteleuropäische Zeit): GET /css/bootstrap.min.css.map
Sat Nov 25 2017 23:32:39 GMT+0100 (Mitteleuropäische Zeit): GET /css/bootstrap.min.css
Sat Nov 25 2017 23:32:39 GMT+0100 (Mitteleuropäische Zeit): GET /css/snookerclub.css
Sat Nov 25 2017 23:32:39 GMT+0100 (Mitteleuropäische Zeit): GET /js/jquery-3.2.1.min.js
Sat Nov 25 2017 23:32:39 GMT+0100 (Mitteleuropäische Zeit): GET /js/popper.js
Sat Nov 25 2017 23:32:39 GMT+0100 (Mitteleuropäische Zeit): GET /js/moment-with-locales.min.js
Sat Nov 25 2017 23:32:39 GMT+0100 (Mitteleuropäische Zeit): GET /js/bootstrap.min.js
Sat Nov 25 2017 23:32:39 GMT+0100 (Mitteleuropäische Zeit): GET /js/popper.js.map
Sat Nov 25 2017 23:32:40 GMT+0100 (Mitteleuropäische Zeit): GET /img/snookercover.jpg
Sat Nov 25 2017 23:32:40 GMT+0100 (Mitteleuropäische Zeit): GET /css/bootstrap.min.css.map
Sat Nov 25 2017 23:43:38 GMT+0100 (Mitteleuropäische Zeit): GET /css/bootstrap.min.css
Sat Nov 25 2017 23:43:38 GMT+0100 (Mitteleuropäische Zeit): GET /css/snookerclub.css
Sat Nov 25 2017 23:43:38 GMT+0100 (Mitteleuropäische Zeit): GET /js/jquery-3.2.1.min.js
Sat Nov 25 2017 23:43:38 GMT+0100 (Mitteleuropäische Zeit): GET /js/popper.js
Sat Nov 25 2017 23:43:38 GMT+0100 (Mitteleuropäische Zeit): GET /js/bootstrap.min.js
Sat Nov 25 2017 23:43:38 GMT+0100 (Mitteleuropäische Zeit): GET /js/moment-with-locales.min.js
Sat Nov 25 2017 23:43:39 GMT+0100 (Mitteleuropäische Zeit): GET /js/popper.js.map
Sat Nov 25 2017 23:43:39 GMT+0100 (Mitteleuropäische Zeit): GET /img/snookercover.jpg
Sat Nov 25 2017 23:43:39 GMT+0100 (Mitteleuropäische Zeit): GET /css/bootstrap.min.css.map
Sat Nov 25 2017 23:43:40 GMT+0100 (Mitteleuropäische Zeit): GET /css/bootstrap.min.css
Sat Nov 25 2017 23:43:40 GMT+0100 (Mitteleuropäische Zeit): GET /css/snookerclub.css
Sat Nov 25 2017 23:43:40 GMT+0100 (Mitteleuropäische Zeit): GET /js/jquery-3.2.1.min.js
Sat Nov 25 2017 23:43:40 GMT+0100 (Mitteleuropäische Zeit): GET /js/popper.js
Sat Nov 25 2017 23:43:40 GMT+0100 (Mitteleuropäische Zeit): GET /js/bootstrap.min.js
Sat Nov 25 2017 23:43:40 GMT+0100 (Mitteleuropäische Zeit): GET /js/moment-with-locales.min.js
Sat Nov 25 2017 23:43:40 GMT+0100 (Mitteleuropäische Zeit): GET /js/popper.js.map
Sat Nov 25 2017 23:43:40 GMT+0100 (Mitteleuropäische Zeit): GET /css/bootstrap.min.css.map
Sat Nov 25 2017 23:43:46 GMT+0100 (Mitteleuropäische Zeit): POST /login
Sat Nov 25 2017 23:43:47 GMT+0100 (Mitteleuropäische Zeit): GET /css/bootstrap.min.css
Sat Nov 25 2017 23:43:47 GMT+0100 (Mitteleuropäische Zeit): GET /css/snookerclub.css
Sat Nov 25 2017 23:43:47 GMT+0100 (Mitteleuropäische Zeit): GET /js/jquery-3.2.1.min.js
Sat Nov 25 2017 23:43:47 GMT+0100 (Mitteleuropäische Zeit): GET /js/popper.js
Sat Nov 25 2017 23:43:47 GMT+0100 (Mitteleuropäische Zeit): GET /js/bootstrap.min.js
Sat Nov 25 2017 23:43:47 GMT+0100 (Mitteleuropäische Zeit): GET /js/moment-with-locales.min.js
Sat Nov 25 2017 23:43:47 GMT+0100 (Mitteleuropäische Zeit): GET /js/members.js
Sat Nov 25 2017 23:43:47 GMT+0100 (Mitteleuropäische Zeit): GET /img/placeholder.png
Sat Nov 25 2017 23:43:47 GMT+0100 (Mitteleuropäische Zeit): GET /js/popper.js.map
Sat Nov 25 2017 23:43:47 GMT+0100 (Mitteleuropäische Zeit): GET /css/bootstrap.min.css.map
Sat Nov 25 2017 23:43:53 GMT+0100 (Mitteleuropäische Zeit): GET /js/popper.js.map
Sat Nov 25 2017 23:43:53 GMT+0100 (Mitteleuropäische Zeit): GET /css/bootstrap.min.css.map
Sat Nov 25 2017 23:44:00 GMT+0100 (Mitteleuropäische Zeit): POST /login
Sat Nov 25 2017 23:44:00 GMT+0100 (Mitteleuropäische Zeit): GET /css/bootstrap.min.css
Sat Nov 25 2017 23:44:00 GMT+0100 (Mitteleuropäische Zeit): GET /css/snookerclub.css
Sat Nov 25 2017 23:44:00 GMT+0100 (Mitteleuropäische Zeit): GET /js/jquery-3.2.1.min.js
Sat Nov 25 2017 23:44:00 GMT+0100 (Mitteleuropäische Zeit): GET /js/popper.js
Sat Nov 25 2017 23:44:00 GMT+0100 (Mitteleuropäische Zeit): GET /js/bootstrap.min.js
Sat Nov 25 2017 23:44:01 GMT+0100 (Mitteleuropäische Zeit): GET /js/moment-with-locales.min.js
Sat Nov 25 2017 23:44:01 GMT+0100 (Mitteleuropäische Zeit): GET /js/members.js
Sat Nov 25 2017 23:44:01 GMT+0100 (Mitteleuropäische Zeit): GET /img/placeholder.png
Sat Nov 25 2017 23:44:01 GMT+0100 (Mitteleuropäische Zeit): GET /js/popper.js.map
Sat Nov 25 2017 23:44:01 GMT+0100 (Mitteleuropäische Zeit): GET /css/bootstrap.min.css.map
Sat Nov 25 2017 23:47:15 GMT+0100 (Mitteleuropäische Zeit): GET /css/bootstrap.min.css
Sat Nov 25 2017 23:47:15 GMT+0100 (Mitteleuropäische Zeit): GET /css/snookerclub.css
Sat Nov 25 2017 23:47:15 GMT+0100 (Mitteleuropäische Zeit): GET /js/jquery-3.2.1.min.js
Sat Nov 25 2017 23:47:15 GMT+0100 (Mitteleuropäische Zeit): GET /js/popper.js
Sat Nov 25 2017 23:47:15 GMT+0100 (Mitteleuropäische Zeit): GET /js/bootstrap.min.js
Sat Nov 25 2017 23:47:15 GMT+0100 (Mitteleuropäische Zeit): GET /js/moment-with-locales.min.js
Sat Nov 25 2017 23:47:15 GMT+0100 (Mitteleuropäische Zeit): GET /js/members.js
Sat Nov 25 2017 23:47:15 GMT+0100 (Mitteleuropäische Zeit): GET /img/placeholder.png
Sat Nov 25 2017 23:47:15 GMT+0100 (Mitteleuropäische Zeit): GET /js/popper.js.map
Sat Nov 25 2017 23:47:15 GMT+0100 (Mitteleuropäische Zeit): GET /css/bootstrap.min.css.map
Sat Nov 25 2017 23:47:31 GMT+0100 (Mitteleuropäische Zeit): GET /css/bootstrap.min.css
Sat Nov 25 2017 23:47:31 GMT+0100 (Mitteleuropäische Zeit): GET /css/snookerclub.css
Sat Nov 25 2017 23:47:31 GMT+0100 (Mitteleuropäische Zeit): GET /js/jquery-3.2.1.min.js
Sat Nov 25 2017 23:47:31 GMT+0100 (Mitteleuropäische Zeit): GET /js/popper.js
Sat Nov 25 2017 23:47:31 GMT+0100 (Mitteleuropäische Zeit): GET /js/bootstrap.min.js
Sat Nov 25 2017 23:47:31 GMT+0100 (Mitteleuropäische Zeit): GET /js/moment-with-locales.min.js
Sat Nov 25 2017 23:47:31 GMT+0100 (Mitteleuropäische Zeit): GET /img/placeholder.png
Sat Nov 25 2017 23:47:31 GMT+0100 (Mitteleuropäische Zeit): GET /js/popper.js.map
Sat Nov 25 2017 23:47:31 GMT+0100 (Mitteleuropäische Zeit): GET /css/bootstrap.min.css.map
Sat Nov 25 2017 23:47:58 GMT+0100 (Mitteleuropäische Zeit): GET /css/bootstrap.min.css
Sat Nov 25 2017 23:47:58 GMT+0100 (Mitteleuropäische Zeit): GET /css/snookerclub.css
Sat Nov 25 2017 23:47:58 GMT+0100 (Mitteleuropäische Zeit): GET /js/jquery-3.2.1.min.js
Sat Nov 25 2017 23:47:58 GMT+0100 (Mitteleuropäische Zeit): GET /js/popper.js
Sat Nov 25 2017 23:47:58 GMT+0100 (Mitteleuropäische Zeit): GET /js/moment-with-locales.min.js
Sat Nov 25 2017 23:47:58 GMT+0100 (Mitteleuropäische Zeit): GET /js/bootstrap.min.js
Sat Nov 25 2017 23:47:58 GMT+0100 (Mitteleuropäische Zeit): GET /js/popper.js.map
Sat Nov 25 2017 23:47:59 GMT+0100 (Mitteleuropäische Zeit): GET /css/bootstrap.min.css.map
Sat Nov 25 2017 23:48:21 GMT+0100 (Mitteleuropäische Zeit): GET /css/bootstrap.min.css
Sat Nov 25 2017 23:48:21 GMT+0100 (Mitteleuropäische Zeit): GET /css/snookerclub.css
Sat Nov 25 2017 23:48:21 GMT+0100 (Mitteleuropäische Zeit): GET /js/jquery-3.2.1.min.js
Sat Nov 25 2017 23:48:21 GMT+0100 (Mitteleuropäische Zeit): GET /js/popper.js
Sat Nov 25 2017 23:48:21 GMT+0100 (Mitteleuropäische Zeit): GET /js/bootstrap.min.js
Sat Nov 25 2017 23:48:21 GMT+0100 (Mitteleuropäische Zeit): GET /js/moment-with-locales.min.js
Sat Nov 25 2017 23:48:21 GMT+0100 (Mitteleuropäische Zeit): GET /img/placeholder.png
Sat Nov 25 2017 23:48:21 GMT+0100 (Mitteleuropäische Zeit): GET /js/popper.js.map
Sat Nov 25 2017 23:48:21 GMT+0100 (Mitteleuropäische Zeit): GET /css/bootstrap.min.css.map
Sat Nov 25 2017 23:50:44 GMT+0100 (Mitteleuropäische Zeit): GET /css/bootstrap.min.css
Sat Nov 25 2017 23:50:44 GMT+0100 (Mitteleuropäische Zeit): GET /css/snookerclub.css
Sat Nov 25 2017 23:50:45 GMT+0100 (Mitteleuropäische Zeit): GET /js/jquery-3.2.1.min.js
Sat Nov 25 2017 23:50:45 GMT+0100 (Mitteleuropäische Zeit): GET /js/popper.js
Sat Nov 25 2017 23:50:45 GMT+0100 (Mitteleuropäische Zeit): GET /js/bootstrap.min.js
Sat Nov 25 2017 23:50:45 GMT+0100 (Mitteleuropäische Zeit): GET /js/moment-with-locales.min.js
Sat Nov 25 2017 23:50:45 GMT+0100 (Mitteleuropäische Zeit): GET /img/placeholder.png
Sat Nov 25 2017 23:50:45 GMT+0100 (Mitteleuropäische Zeit): GET /js/popper.js.map
Sat Nov 25 2017 23:50:45 GMT+0100 (Mitteleuropäische Zeit): GET /css/bootstrap.min.css.map
Sat Nov 25 2017 23:53:26 GMT+0100 (Mitteleuropäische Zeit): GET /css/bootstrap.min.css
Sat Nov 25 2017 23:53:26 GMT+0100 (Mitteleuropäische Zeit): GET /css/snookerclub.css
Sat Nov 25 2017 23:53:26 GMT+0100 (Mitteleuropäische Zeit): GET /js/jquery-3.2.1.min.js
Sat Nov 25 2017 23:53:26 GMT+0100 (Mitteleuropäische Zeit): GET /js/popper.js
Sat Nov 25 2017 23:53:26 GMT+0100 (Mitteleuropäische Zeit): GET /js/bootstrap.min.js
Sat Nov 25 2017 23:53:26 GMT+0100 (Mitteleuropäische Zeit): GET /js/moment-with-locales.min.js
Sat Nov 25 2017 23:53:26 GMT+0100 (Mitteleuropäische Zeit): GET /img/placeholder.png
Sat Nov 25 2017 23:53:26 GMT+0100 (Mitteleuropäische Zeit): GET /js/popper.js.map
Sat Nov 25 2017 23:53:26 GMT+0100 (Mitteleuropäische Zeit): GET /css/bootstrap.min.css.map
Sat Nov 25 2017 23:53:37 GMT+0100 (Mitteleuropäische Zeit): GET /css/bootstrap.min.css
Sat Nov 25 2017 23:53:37 GMT+0100 (Mitteleuropäische Zeit): GET /css/snookerclub.css
Sat Nov 25 2017 23:53:37 GMT+0100 (Mitteleuropäische Zeit): GET /js/jquery-3.2.1.min.js
Sat Nov 25 2017 23:53:37 GMT+0100 (Mitteleuropäische Zeit): GET /js/popper.js
Sat Nov 25 2017 23:53:37 GMT+0100 (Mitteleuropäische Zeit): GET /js/bootstrap.min.js
Sat Nov 25 2017 23:53:37 GMT+0100 (Mitteleuropäische Zeit): GET /js/moment-with-locales.min.js
Sat Nov 25 2017 23:53:37 GMT+0100 (Mitteleuropäische Zeit): GET /img/placeholder.png
Sat Nov 25 2017 23:53:38 GMT+0100 (Mitteleuropäische Zeit): GET /js/popper.js.map
Sat Nov 25 2017 23:53:38 GMT+0100 (Mitteleuropäische Zeit): GET /css/bootstrap.min.css.map
Sat Nov 25 2017 23:54:16 GMT+0100 (Mitteleuropäische Zeit): GET /css/bootstrap.min.css
Sat Nov 25 2017 23:54:16 GMT+0100 (Mitteleuropäische Zeit): GET /css/snookerclub.css
Sat Nov 25 2017 23:54:16 GMT+0100 (Mitteleuropäische Zeit): GET /js/jquery-3.2.1.min.js
Sat Nov 25 2017 23:54:16 GMT+0100 (Mitteleuropäische Zeit): GET /js/popper.js
Sat Nov 25 2017 23:54:16 GMT+0100 (Mitteleuropäische Zeit): GET /js/bootstrap.min.js
Sat Nov 25 2017 23:54:16 GMT+0100 (Mitteleuropäische Zeit): GET /js/moment-with-locales.min.js
Sat Nov 25 2017 23:54:16 GMT+0100 (Mitteleuropäische Zeit): GET /img/placeholder.png
Sat Nov 25 2017 23:54:16 GMT+0100 (Mitteleuropäische Zeit): GET /js/popper.js.map
Sat Nov 25 2017 23:54:16 GMT+0100 (Mitteleuropäische Zeit): GET /css/bootstrap.min.css.map
Sat Nov 25 2017 23:55:22 GMT+0100 (Mitteleuropäische Zeit): GET /css/bootstrap.min.css
Sat Nov 25 2017 23:55:22 GMT+0100 (Mitteleuropäische Zeit): GET /css/snookerclub.css
Sat Nov 25 2017 23:55:22 GMT+0100 (Mitteleuropäische Zeit): GET /js/jquery-3.2.1.min.js
Sat Nov 25 2017 23:55:22 GMT+0100 (Mitteleuropäische Zeit): GET /js/popper.js
Sat Nov 25 2017 23:55:22 GMT+0100 (Mitteleuropäische Zeit): GET /js/bootstrap.min.js
Sat Nov 25 2017 23:55:22 GMT+0100 (Mitteleuropäische Zeit): GET /js/moment-with-locales.min.js
Sat Nov 25 2017 23:55:22 GMT+0100 (Mitteleuropäische Zeit): GET /img/placeholder.png
Sat Nov 25 2017 23:55:22 GMT+0100 (Mitteleuropäische Zeit): GET /js/popper.js.map
Sat Nov 25 2017 23:55:23 GMT+0100 (Mitteleuropäische Zeit): GET /css/bootstrap.min.css.map
Sat Nov 25 2017 23:55:37 GMT+0100 (Mitteleuropäische Zeit): GET /css/bootstrap.min.css
Sat Nov 25 2017 23:55:37 GMT+0100 (Mitteleuropäische Zeit): GET /css/snookerclub.css
Sat Nov 25 2017 23:55:37 GMT+0100 (Mitteleuropäische Zeit): GET /js/jquery-3.2.1.min.js
Sat Nov 25 2017 23:55:37 GMT+0100 (Mitteleuropäische Zeit): GET /js/popper.js
Sat Nov 25 2017 23:55:37 GMT+0100 (Mitteleuropäische Zeit): GET /js/bootstrap.min.js
Sat Nov 25 2017 23:55:37 GMT+0100 (Mitteleuropäische Zeit): GET /js/moment-with-locales.min.js
Sat Nov 25 2017 23:55:38 GMT+0100 (Mitteleuropäische Zeit): GET /img/placeholder.png
Sat Nov 25 2017 23:55:38 GMT+0100 (Mitteleuropäische Zeit): GET /js/popper.js.map
Sat Nov 25 2017 23:55:38 GMT+0100 (Mitteleuropäische Zeit): GET /css/bootstrap.min.css.map
Sat Nov 25 2017 23:55:47 GMT+0100 (Mitteleuropäische Zeit): GET /css/bootstrap.min.css
Sat Nov 25 2017 23:55:47 GMT+0100 (Mitteleuropäische Zeit): GET /css/snookerclub.css
Sat Nov 25 2017 23:55:47 GMT+0100 (Mitteleuropäische Zeit): GET /js/jquery-3.2.1.min.js
Sat Nov 25 2017 23:55:47 GMT+0100 (Mitteleuropäische Zeit): GET /js/popper.js
Sat Nov 25 2017 23:55:47 GMT+0100 (Mitteleuropäische Zeit): GET /js/bootstrap.min.js
Sat Nov 25 2017 23:55:47 GMT+0100 (Mitteleuropäische Zeit): GET /js/moment-with-locales.min.js
Sat Nov 25 2017 23:55:47 GMT+0100 (Mitteleuropäische Zeit): GET /img/placeholder.png
Sat Nov 25 2017 23:55:47 GMT+0100 (Mitteleuropäische Zeit): GET /js/popper.js.map
Sat Nov 25 2017 23:55:47 GMT+0100 (Mitteleuropäische Zeit): GET /css/bootstrap.min.css.map
Sat Nov 25 2017 23:57:15 GMT+0100 (Mitteleuropäische Zeit): GET /css/snookerclub.css
Sat Nov 25 2017 23:57:15 GMT+0100 (Mitteleuropäische Zeit): GET /css/bootstrap.min.css
Sat Nov 25 2017 23:57:15 GMT+0100 (Mitteleuropäische Zeit): GET /js/jquery-3.2.1.min.js
Sat Nov 25 2017 23:57:15 GMT+0100 (Mitteleuropäische Zeit): GET /js/popper.js
Sat Nov 25 2017 23:57:15 GMT+0100 (Mitteleuropäische Zeit): GET /js/bootstrap.min.js
Sat Nov 25 2017 23:57:15 GMT+0100 (Mitteleuropäische Zeit): GET /js/moment-with-locales.min.js
Sat Nov 25 2017 23:57:15 GMT+0100 (Mitteleuropäische Zeit): GET /img/placeholder.png
Sat Nov 25 2017 23:57:15 GMT+0100 (Mitteleuropäische Zeit): GET /js/popper.js.map
Sat Nov 25 2017 23:57:15 GMT+0100 (Mitteleuropäische Zeit): GET /css/bootstrap.min.css.map
Sat Nov 25 2017 23:58:13 GMT+0100 (Mitteleuropäische Zeit): GET /css/bootstrap.min.css
Sat Nov 25 2017 23:58:13 GMT+0100 (Mitteleuropäische Zeit): GET /css/snookerclub.css
Sat Nov 25 2017 23:58:13 GMT+0100 (Mitteleuropäische Zeit): GET /js/jquery-3.2.1.min.js
Sat Nov 25 2017 23:58:13 GMT+0100 (Mitteleuropäische Zeit): GET /js/popper.js
Sat Nov 25 2017 23:58:13 GMT+0100 (Mitteleuropäische Zeit): GET /js/bootstrap.min.js
Sat Nov 25 2017 23:58:13 GMT+0100 (Mitteleuropäische Zeit): GET /js/moment-with-locales.min.js
Sat Nov 25 2017 23:58:13 GMT+0100 (Mitteleuropäische Zeit): GET /js/bill.js
Sat Nov 25 2017 23:58:13 GMT+0100 (Mitteleuropäische Zeit): GET /img/placeholder.png
Sat Nov 25 2017 23:58:14 GMT+0100 (Mitteleuropäische Zeit): GET /js/popper.js.map
Sat Nov 25 2017 23:58:14 GMT+0100 (Mitteleuropäische Zeit): GET /css/bootstrap.min.css.map
Sun Nov 26 2017 00:00:05 GMT+0100 (Mitteleuropäische Zeit): GET /css/snookerclub.css
Sun Nov 26 2017 00:00:05 GMT+0100 (Mitteleuropäische Zeit): GET /css/bootstrap.min.css
Sun Nov 26 2017 00:00:05 GMT+0100 (Mitteleuropäische Zeit): GET /js/jquery-3.2.1.min.js
Sun Nov 26 2017 00:00:05 GMT+0100 (Mitteleuropäische Zeit): GET /js/popper.js
Sun Nov 26 2017 00:00:05 GMT+0100 (Mitteleuropäische Zeit): GET /js/bootstrap.min.js
Sun Nov 26 2017 00:00:05 GMT+0100 (Mitteleuropäische Zeit): GET /js/moment-with-locales.min.js
Sun Nov 26 2017 00:00:05 GMT+0100 (Mitteleuropäische Zeit): GET /img/placeholder.png
Sun Nov 26 2017 00:00:05 GMT+0100 (Mitteleuropäische Zeit): GET /js/popper.js.map
Sun Nov 26 2017 00:00:05 GMT+0100 (Mitteleuropäische Zeit): GET /css/bootstrap.min.css.map
Sun Nov 26 2017 00:15:37 GMT+0100 (Mitteleuropäische Zeit): GET /css/bootstrap.min.css
Sun Nov 26 2017 00:15:37 GMT+0100 (Mitteleuropäische Zeit): GET /css/snookerclub.css
Sun Nov 26 2017 00:15:37 GMT+0100 (Mitteleuropäische Zeit): GET /js/jquery-3.2.1.min.js
Sun Nov 26 2017 00:15:37 GMT+0100 (Mitteleuropäische Zeit): GET /js/popper.js
Sun Nov 26 2017 00:15:37 GMT+0100 (Mitteleuropäische Zeit): GET /js/bootstrap.min.js
Sun Nov 26 2017 00:15:37 GMT+0100 (Mitteleuropäische Zeit): GET /js/moment-with-locales.min.js
Sun Nov 26 2017 00:15:37 GMT+0100 (Mitteleuropäische Zeit): GET /img/placeholder.png
Sun Nov 26 2017 00:15:37 GMT+0100 (Mitteleuropäische Zeit): GET /js/popper.js.map
Sun Nov 26 2017 00:15:37 GMT+0100 (Mitteleuropäische Zeit): GET /css/bootstrap.min.css.map
Sun Nov 26 2017 00:15:51 GMT+0100 (Mitteleuropäische Zeit): GET /css/bootstrap.min.css
Sun Nov 26 2017 00:15:51 GMT+0100 (Mitteleuropäische Zeit): GET /css/snookerclub.css
Sun Nov 26 2017 00:15:51 GMT+0100 (Mitteleuropäische Zeit): GET /js/jquery-3.2.1.min.js
Sun Nov 26 2017 00:15:51 GMT+0100 (Mitteleuropäische Zeit): GET /js/popper.js
Sun Nov 26 2017 00:15:51 GMT+0100 (Mitteleuropäische Zeit): GET /js/bootstrap.min.js
Sun Nov 26 2017 00:15:51 GMT+0100 (Mitteleuropäische Zeit): GET /js/moment-with-locales.min.js
Sun Nov 26 2017 00:15:51 GMT+0100 (Mitteleuropäische Zeit): GET /img/placeholder.png
Sun Nov 26 2017 00:15:52 GMT+0100 (Mitteleuropäische Zeit): GET /js/popper.js.map
Sun Nov 26 2017 00:15:52 GMT+0100 (Mitteleuropäische Zeit): GET /css/bootstrap.min.css.map
Sun Nov 26 2017 00:16:11 GMT+0100 (Mitteleuropäische Zeit): GET /board/members
Sun Nov 26 2017 00:23:57 GMT+0100 (Mitteleuropäische Zeit): GET /css/bootstrap.min.css
Sun Nov 26 2017 00:23:57 GMT+0100 (Mitteleuropäische Zeit): GET /css/snookerclub.css
Sun Nov 26 2017 00:23:57 GMT+0100 (Mitteleuropäische Zeit): GET /js/bootstrap.min.js
Sun Nov 26 2017 00:23:57 GMT+0100 (Mitteleuropäische Zeit): GET /js/moment-with-locales.min.js
Sun Nov 26 2017 00:23:57 GMT+0100 (Mitteleuropäische Zeit): GET /js/popper.js
Sun Nov 26 2017 00:23:57 GMT+0100 (Mitteleuropäische Zeit): GET /js/jquery-3.2.1.min.js
Sun Nov 26 2017 00:23:57 GMT+0100 (Mitteleuropäische Zeit): GET /img/snookercover.jpg
Sun Nov 26 2017 00:24:02 GMT+0100 (Mitteleuropäische Zeit): GET /css/bootstrap.min.css
Sun Nov 26 2017 00:24:02 GMT+0100 (Mitteleuropäische Zeit): GET /css/snookerclub.css
Sun Nov 26 2017 00:24:02 GMT+0100 (Mitteleuropäische Zeit): GET /js/jquery-3.2.1.min.js
Sun Nov 26 2017 00:24:02 GMT+0100 (Mitteleuropäische Zeit): GET /js/popper.js
Sun Nov 26 2017 00:24:02 GMT+0100 (Mitteleuropäische Zeit): GET /js/bootstrap.min.js
Sun Nov 26 2017 00:24:02 GMT+0100 (Mitteleuropäische Zeit): GET /js/moment-with-locales.min.js
Sun Nov 26 2017 00:24:02 GMT+0100 (Mitteleuropäische Zeit): GET /img/placeholder.png
Sun Nov 26 2017 00:24:10 GMT+0100 (Mitteleuropäische Zeit): GET /css/bootstrap.min.css
Sun Nov 26 2017 00:24:10 GMT+0100 (Mitteleuropäische Zeit): GET /css/snookerclub.css
Sun Nov 26 2017 00:24:10 GMT+0100 (Mitteleuropäische Zeit): GET /js/jquery-3.2.1.min.js
Sun Nov 26 2017 00:24:10 GMT+0100 (Mitteleuropäische Zeit): GET /js/popper.js
Sun Nov 26 2017 00:24:10 GMT+0100 (Mitteleuropäische Zeit): GET /js/bootstrap.min.js
Sun Nov 26 2017 00:24:10 GMT+0100 (Mitteleuropäische Zeit): GET /js/moment-with-locales.min.js
Sun Nov 26 2017 00:24:10 GMT+0100 (Mitteleuropäische Zeit): GET /img/placeholder.png
Sun Nov 26 2017 00:24:14 GMT+0100 (Mitteleuropäische Zeit): GET /css/bootstrap.min.css
Sun Nov 26 2017 00:24:14 GMT+0100 (Mitteleuropäische Zeit): GET /css/snookerclub.css
Sun Nov 26 2017 00:24:14 GMT+0100 (Mitteleuropäische Zeit): GET /js/jquery-3.2.1.min.js
Sun Nov 26 2017 00:24:14 GMT+0100 (Mitteleuropäische Zeit): GET /js/popper.js
Sun Nov 26 2017 00:24:14 GMT+0100 (Mitteleuropäische Zeit): GET /js/bootstrap.min.js
Sun Nov 26 2017 00:24:14 GMT+0100 (Mitteleuropäische Zeit): GET /js/moment-with-locales.min.js
Sun Nov 26 2017 00:24:14 GMT+0100 (Mitteleuropäische Zeit): GET /img/placeholder.png
Sun Nov 26 2017 00:24:17 GMT+0100 (Mitteleuropäische Zeit): GET /css/bootstrap.min.css
Sun Nov 26 2017 00:24:17 GMT+0100 (Mitteleuropäische Zeit): GET /css/snookerclub.css
Sun Nov 26 2017 00:24:17 GMT+0100 (Mitteleuropäische Zeit): GET /js/jquery-3.2.1.min.js
Sun Nov 26 2017 00:24:17 GMT+0100 (Mitteleuropäische Zeit): GET /js/popper.js
Sun Nov 26 2017 00:24:17 GMT+0100 (Mitteleuropäische Zeit): GET /js/bootstrap.min.js
Sun Nov 26 2017 00:24:17 GMT+0100 (Mitteleuropäische Zeit): GET /js/moment-with-locales.min.js
Sun Nov 26 2017 00:24:17 GMT+0100 (Mitteleuropäische Zeit): GET /img/placeholder.png
Sun Nov 26 2017 00:24:20 GMT+0100 (Mitteleuropäische Zeit): GET /css/bootstrap.min.css
Sun Nov 26 2017 00:24:20 GMT+0100 (Mitteleuropäische Zeit): GET /css/snookerclub.css
Sun Nov 26 2017 00:24:20 GMT+0100 (Mitteleuropäische Zeit): GET /js/jquery-3.2.1.min.js
Sun Nov 26 2017 00:24:20 GMT+0100 (Mitteleuropäische Zeit): GET /js/popper.js
Sun Nov 26 2017 00:24:20 GMT+0100 (Mitteleuropäische Zeit): GET /js/bootstrap.min.js
Sun Nov 26 2017 00:24:20 GMT+0100 (Mitteleuropäische Zeit): GET /js/moment-with-locales.min.js
Sun Nov 26 2017 00:24:20 GMT+0100 (Mitteleuropäische Zeit): GET /img/snookercover.jpg
Sun Nov 26 2017 00:24:23 GMT+0100 (Mitteleuropäische Zeit): GET /css/bootstrap.min.css
Sun Nov 26 2017 00:24:23 GMT+0100 (Mitteleuropäische Zeit): GET /css/snookerclub.css
Sun Nov 26 2017 00:24:23 GMT+0100 (Mitteleuropäische Zeit): GET /js/jquery-3.2.1.min.js
Sun Nov 26 2017 00:24:23 GMT+0100 (Mitteleuropäische Zeit): GET /js/popper.js
Sun Nov 26 2017 00:24:23 GMT+0100 (Mitteleuropäische Zeit): GET /js/bootstrap.min.js
Sun Nov 26 2017 00:24:23 GMT+0100 (Mitteleuropäische Zeit): GET /js/moment-with-locales.min.js
Sun Nov 26 2017 00:24:23 GMT+0100 (Mitteleuropäische Zeit): GET /img/placeholder.png
Sun Nov 26 2017 00:24:25 GMT+0100 (Mitteleuropäische Zeit): GET /css/bootstrap.min.css
Sun Nov 26 2017 00:24:25 GMT+0100 (Mitteleuropäische Zeit): GET /css/snookerclub.css
Sun Nov 26 2017 00:24:25 GMT+0100 (Mitteleuropäische Zeit): GET /js/jquery-3.2.1.min.js
Sun Nov 26 2017 00:24:25 GMT+0100 (Mitteleuropäische Zeit): GET /js/popper.js
Sun Nov 26 2017 00:24:25 GMT+0100 (Mitteleuropäische Zeit): GET /js/bootstrap.min.js
Sun Nov 26 2017 00:24:25 GMT+0100 (Mitteleuropäische Zeit): GET /js/moment-with-locales.min.js
Sun Nov 26 2017 00:24:25 GMT+0100 (Mitteleuropäische Zeit): GET /img/placeholder.png
Sun Nov 26 2017 00:26:37 GMT+0100 (Mitteleuropäische Zeit): GET /css/bootstrap.min.css
Sun Nov 26 2017 00:26:37 GMT+0100 (Mitteleuropäische Zeit): GET /css/snookerclub.css
Sun Nov 26 2017 00:26:37 GMT+0100 (Mitteleuropäische Zeit): GET /js/jquery-3.2.1.min.js
Sun Nov 26 2017 00:26:37 GMT+0100 (Mitteleuropäische Zeit): GET /js/bootstrap.min.js
Sun Nov 26 2017 00:26:37 GMT+0100 (Mitteleuropäische Zeit): GET /img/placeholder.png
Sun Nov 26 2017 00:26:37 GMT+0100 (Mitteleuropäische Zeit): GET /js/popper.js
Sun Nov 26 2017 00:26:37 GMT+0100 (Mitteleuropäische Zeit): GET /js/moment-with-locales.min.js
Sun Nov 26 2017 00:26:37 GMT+0100 (Mitteleuropäische Zeit): GET /img/snookericon.ico
Sun Nov 26 2017 00:26:38 GMT+0100 (Mitteleuropäische Zeit): GET /css/bootstrap.min.css
Sun Nov 26 2017 00:26:38 GMT+0100 (Mitteleuropäische Zeit): GET /css/snookerclub.css
Sun Nov 26 2017 00:26:38 GMT+0100 (Mitteleuropäische Zeit): GET /js/jquery-3.2.1.min.js
Sun Nov 26 2017 00:26:38 GMT+0100 (Mitteleuropäische Zeit): GET /js/popper.js
Sun Nov 26 2017 00:26:38 GMT+0100 (Mitteleuropäische Zeit): GET /js/bootstrap.min.js
Sun Nov 26 2017 00:26:38 GMT+0100 (Mitteleuropäische Zeit): GET /js/moment-with-locales.min.js
Sun Nov 26 2017 00:26:38 GMT+0100 (Mitteleuropäische Zeit): GET /js/visitors.js
Sun Nov 26 2017 00:26:38 GMT+0100 (Mitteleuropäische Zeit): GET /img/placeholder.png
Sun Nov 26 2017 00:26:39 GMT+0100 (Mitteleuropäische Zeit): GET /css/bootstrap.min.css
Sun Nov 26 2017 00:26:39 GMT+0100 (Mitteleuropäische Zeit): GET /css/snookerclub.css
Sun Nov 26 2017 00:26:39 GMT+0100 (Mitteleuropäische Zeit): GET /js/jquery-3.2.1.min.js
Sun Nov 26 2017 00:26:39 GMT+0100 (Mitteleuropäische Zeit): GET /js/popper.js
Sun Nov 26 2017 00:26:39 GMT+0100 (Mitteleuropäische Zeit): GET /js/bootstrap.min.js
Sun Nov 26 2017 00:26:39 GMT+0100 (Mitteleuropäische Zeit): GET /js/moment-with-locales.min.js
Sun Nov 26 2017 00:26:39 GMT+0100 (Mitteleuropäische Zeit): GET /img/placeholder.png
Sun Nov 26 2017 00:26:41 GMT+0100 (Mitteleuropäische Zeit): GET /css/bootstrap.min.css
Sun Nov 26 2017 00:26:41 GMT+0100 (Mitteleuropäische Zeit): GET /css/snookerclub.css
Sun Nov 26 2017 00:26:41 GMT+0100 (Mitteleuropäische Zeit): GET /js/jquery-3.2.1.min.js
Sun Nov 26 2017 00:26:41 GMT+0100 (Mitteleuropäische Zeit): GET /js/popper.js
Sun Nov 26 2017 00:26:41 GMT+0100 (Mitteleuropäische Zeit): GET /js/bootstrap.min.js
Sun Nov 26 2017 00:26:41 GMT+0100 (Mitteleuropäische Zeit): GET /js/moment-with-locales.min.js
Sun Nov 26 2017 00:26:41 GMT+0100 (Mitteleuropäische Zeit): GET /img/placeholder.png
